#-----------------------------------------------------------
# Vivado v2018.2 (64-bit)
# SW Build 2258646 on Thu Jun 14 20:03:12 MDT 2018
# IP Build 2256618 on Thu Jun 14 22:10:49 MDT 2018
# Start of session at: Sat Aug 24 17:30:53 2024
# Process ID: 5320
# Current directory: C:/Users/ASUS/Desktop/NP/Lab 9
# Command line: vivado.exe -gui_launcher_event rodinguilauncherevent12424 C:\Users\ASUS\Desktop\NP\Lab 9\Lab 9.xpr
# Log file: C:/Users/ASUS/Desktop/NP/Lab 9/vivado.log
# Journal file: C:/Users/ASUS/Desktop/NP/Lab 9\vivado.jou
#-----------------------------------------------------------
start_gui
open_project {C:/Users/ASUS/Desktop/NP/Lab 9/Lab 9.xpr}
Scanning sources...
Finished scanning sources
INFO: [IP_Flow 19-234] Refreshing IP repositories
INFO: [IP_Flow 19-1704] No user IP repositories specified
INFO: [IP_Flow 19-2313] Loaded Vivado IP repository 'F:/viado/Vivado/2018.2/data/ip'.
open_project: Time (s): cpu = 00:00:05 ; elapsed = 00:00:27 . Memory (MB): peak = 842.738 ; gain = 178.090
update_compile_order -fileset sources_1
reset_run synth_1
launch_runs synth_1 -jobs 6
[Sat Aug 24 17:33:21 2024] Launched synth_1...
Run output will be captured here: C:/Users/ASUS/Desktop/NP/Lab 9/Lab 9.runs/synth_1/runme.log
open_run synth_1 -name synth_1
Design is defaulting to impl run constrset: constrs_1
Design is defaulting to synth run part: xc7a35tcpg236-1
INFO: [Netlist 29-17] Analyzing 10 Unisim elements for replacement
INFO: [Netlist 29-28] Unisim Transformation completed in 0 CPU seconds
INFO: [Project 1-479] Netlist was created with Vivado 2018.2
INFO: [Device 21-403] Loading part xc7a35tcpg236-1
INFO: [Project 1-570] Preparing netlist for logic optimization
Parsing XDC File [C:/Users/ASUS/Desktop/NP/Lab 9/Lab 9.srcs/constrs_1/new/Basys3Labs.xdc]
Finished Parsing XDC File [C:/Users/ASUS/Desktop/NP/Lab 9/Lab 9.srcs/constrs_1/new/Basys3Labs.xdc]
INFO: [Opt 31-138] Pushed 0 inverter(s) to 0 load pin(s).
INFO: [Project 1-111] Unisim Transformation Summary:
No Unisim elements were transformed.

open_run: Time (s): cpu = 00:00:09 ; elapsed = 00:00:13 . Memory (MB): peak = 1257.055 ; gain = 390.160
